<?xml version='1.1' encoding='UTF-8'?>
<result plugin="junit@1202.v79a_986785076">
  <suites>
    <suite>
      <file>/var/lib/jenkins/workspace/Trails/pipeline04_scripted/target/surefire-reports/TEST-com.sample.bean.EmployeeBeanTest.xml</file>
      <name>com.sample.bean.EmployeeBeanTest</name>
      <duration>0.015</duration>
      <time>0.015</time>
      <nodeId>23</nodeId>
      <enclosingBlocks>
        <string>22</string>
      </enclosingBlocks>
      <enclosingBlockNames>
        <string>Results</string>
      </enclosingBlockNames>
      <cases>
        <case>
          <duration>0.003</duration>
          <className>com.sample.bean.EmployeeBeanTest</className>
          <testName>testGetterSetter</testName>
          <skipped>false</skipped>
          <failedSince>0</failedSince>
        </case>
      </cases>
    </suite>
    <suite>
      <file>/var/lib/jenkins/workspace/Trails/pipeline04_scripted/target/surefire-reports/TEST-com.sample.service.EmployeeServiceImplTest.xml</file>
      <name>com.sample.service.EmployeeServiceImplTest</name>
      <duration>0.236</duration>
      <time>0.236</time>
      <nodeId>23</nodeId>
      <enclosingBlocks>
        <string>22</string>
      </enclosingBlocks>
      <enclosingBlockNames>
        <string>Results</string>
      </enclosingBlockNames>
      <cases>
        <case>
          <duration>0.017</duration>
          <className>com.sample.service.EmployeeServiceImplTest</className>
          <testName>testEmployeeNotAvailable</testName>
          <skipped>false</skipped>
          <failedSince>0</failedSince>
        </case>
        <case>
          <duration>0.001</duration>
          <className>com.sample.service.EmployeeServiceImplTest</className>
          <testName>testEmployeeAvailable</testName>
          <skipped>false</skipped>
          <failedSince>0</failedSince>
        </case>
      </cases>
    </suite>
  </suites>
  <duration>0.251</duration>
  <skipOldReports>false</skipOldReports>
  <keepLongStdio>false</keepLongStdio>
</result>